Started GET "/" for ::1 at 2023-04-28 05:22:48 +1000
Processing by Rails::WelcomeController#index as HTML
  Rendering /Users/joshuaspicer/.rvm/gems/ruby-2.7.8/gems/railties-5.2.8.1/lib/rails/templates/rails/welcome/index.html.erb
  Rendered /Users/joshuaspicer/.rvm/gems/ruby-2.7.8/gems/railties-5.2.8.1/lib/rails/templates/rails/welcome/index.html.erb (2.9ms)
Completed 200 OK in 13ms (Views: 8.3ms | ActiveRecord: 0.0ms)


Started GET "/" for ::1 at 2023-04-28 05:37:12 +1000
Processing by Rails::WelcomeController#index as HTML
  Rendering /Users/joshuaspicer/.rvm/gems/ruby-2.7.8/gems/railties-5.2.8.1/lib/rails/templates/rails/welcome/index.html.erb
  Rendered /Users/joshuaspicer/.rvm/gems/ruby-2.7.8/gems/railties-5.2.8.1/lib/rails/templates/rails/welcome/index.html.erb (2.6ms)
Completed 200 OK in 15ms (Views: 8.4ms | ActiveRecord: 0.0ms)


Started GET "/" for ::1 at 2023-04-28 05:37:12 +1000
Processing by Rails::WelcomeController#index as HTML
  Rendering /Users/joshuaspicer/.rvm/gems/ruby-2.7.8/gems/railties-5.2.8.1/lib/rails/templates/rails/welcome/index.html.erb
  Rendered /Users/joshuaspicer/.rvm/gems/ruby-2.7.8/gems/railties-5.2.8.1/lib/rails/templates/rails/welcome/index.html.erb (1.8ms)
Completed 200 OK in 5ms (Views: 3.7ms | ActiveRecord: 0.0ms)


Started GET "/" for ::1 at 2023-04-28 05:37:13 +1000
Processing by Rails::WelcomeController#index as HTML
  Rendering /Users/joshuaspicer/.rvm/gems/ruby-2.7.8/gems/railties-5.2.8.1/lib/rails/templates/rails/welcome/index.html.erb
  Rendered /Users/joshuaspicer/.rvm/gems/ruby-2.7.8/gems/railties-5.2.8.1/lib/rails/templates/rails/welcome/index.html.erb (2.1ms)
Completed 200 OK in 4ms (Views: 3.4ms | ActiveRecord: 0.0ms)


Started GET "/" for ::1 at 2023-04-28 05:37:13 +1000
Processing by Rails::WelcomeController#index as HTML
  Rendering /Users/joshuaspicer/.rvm/gems/ruby-2.7.8/gems/railties-5.2.8.1/lib/rails/templates/rails/welcome/index.html.erb
  Rendered /Users/joshuaspicer/.rvm/gems/ruby-2.7.8/gems/railties-5.2.8.1/lib/rails/templates/rails/welcome/index.html.erb (2.0ms)
Completed 200 OK in 4ms (Views: 3.1ms | ActiveRecord: 0.0ms)


Started GET "/" for ::1 at 2023-04-28 06:21:54 +1000
Processing by PostsController#index as HTML
  Rendering posts/index.html.erb within layouts/application
  Rendered posts/index.html.erb within layouts/application (0.8ms)
Completed 200 OK in 583ms (Views: 578.6ms | ActiveRecord: 0.0ms)


Started GET "/posts" for ::1 at 2023-04-28 06:22:09 +1000
Processing by PostsController#index as HTML
  Rendering posts/index.html.erb within layouts/application
  Rendered posts/index.html.erb within layouts/application (0.3ms)
Completed 200 OK in 17ms (Views: 16.4ms | ActiveRecord: 0.0ms)


Started GET "/posts" for ::1 at 2023-04-28 06:25:19 +1000
Processing by PostsController#index as HTML
  Rendering posts/index.html.erb within layouts/application
  Rendered posts/index.html.erb within layouts/application (0.5ms)
Started GET "/posts" for ::1 at 2023-04-28 06:25:21 +1000
Processing by PostsController#index as HTML
  Rendering posts/index.html.erb within layouts/application
  Rendered posts/index.html.erb within layouts/application (0.2ms)
Completed 200 OK in 938ms (Views: 936.7ms | ActiveRecord: 0.0ms)


Completed 200 OK in 2307ms (Views: 2300.0ms | ActiveRecord: 0.0ms)


Started GET "/posts" for ::1 at 2023-04-28 06:26:21 +1000
Processing by PostsController#index as HTML
  Rendering posts/index.html.erb within layouts/application
  Rendered posts/index.html.erb within layouts/application (0.3ms)
Completed 200 OK in 26ms (Views: 24.3ms | ActiveRecord: 0.0ms)


Started GET "/posts" for ::1 at 2023-04-28 06:26:21 +1000
Processing by PostsController#index as HTML
  Rendering posts/index.html.erb within layouts/application
  Rendered posts/index.html.erb within layouts/application (0.2ms)
Completed 200 OK in 17ms (Views: 16.6ms | ActiveRecord: 0.0ms)


  [1m[35m (0.4ms)[0m  [1m[34mSELECT sqlite_version(*)[0m
  ↳ bin/rails:9
  [1m[35m (2.6ms)[0m  [1m[35mCREATE TABLE "schema_migrations" ("version" varchar NOT NULL PRIMARY KEY)[0m
  ↳ bin/rails:9
  [1m[35m (0.7ms)[0m  [1m[35mCREATE TABLE "ar_internal_metadata" ("key" varchar NOT NULL PRIMARY KEY, "value" varchar, "created_at" datetime NOT NULL, "updated_at" datetime NOT NULL)[0m
  ↳ bin/rails:9
  [1m[35m (0.4ms)[0m  [1m[34mSELECT "schema_migrations"."version" FROM "schema_migrations" ORDER BY "schema_migrations"."version" ASC[0m
  ↳ bin/rails:9
Migrating to CreatePosts (20230427203622)
  [1m[35m (0.1ms)[0m  [1m[36mbegin transaction[0m
  ↳ bin/rails:9
  [1m[35m (0.6ms)[0m  [1m[35mCREATE TABLE "posts" ("id" integer PRIMARY KEY AUTOINCREMENT NOT NULL, "title" varchar, "content" text, "created_at" datetime NOT NULL, "updated_at" datetime NOT NULL)[0m
  ↳ db/migrate/20230427203622_create_posts.rb:3
  [1m[36mActiveRecord::SchemaMigration Create (0.8ms)[0m  [1m[32mINSERT INTO "schema_migrations" ("version") VALUES (?)[0m  [["version", "20230427203622"]]
  ↳ bin/rails:9
  [1m[35m (0.6ms)[0m  [1m[36mcommit transaction[0m
  ↳ bin/rails:9
  [1m[36mActiveRecord::InternalMetadata Load (0.2ms)[0m  [1m[34mSELECT  "ar_internal_metadata".* FROM "ar_internal_metadata" WHERE "ar_internal_metadata"."key" = ? LIMIT ?[0m  [["key", "environment"], ["LIMIT", 1]]
  ↳ bin/rails:9
  [1m[35m (0.0ms)[0m  [1m[36mbegin transaction[0m
  ↳ bin/rails:9
  [1m[36mActiveRecord::InternalMetadata Create (0.3ms)[0m  [1m[32mINSERT INTO "ar_internal_metadata" ("key", "value", "created_at", "updated_at") VALUES (?, ?, ?, ?)[0m  [["key", "environment"], ["value", "development"], ["created_at", "2023-04-27 20:37:40.398411"], ["updated_at", "2023-04-27 20:37:40.398411"]]
  ↳ bin/rails:9
  [1m[35m (0.8ms)[0m  [1m[36mcommit transaction[0m
  ↳ bin/rails:9
  [1m[35m (0.1ms)[0m  [1m[34mSELECT "schema_migrations"."version" FROM "schema_migrations" ORDER BY "schema_migrations"."version" ASC[0m
  ↳ bin/rails:9
Started GET "/posts" for ::1 at 2023-04-28 07:29:49 +1000
  [1m[35m (0.4ms)[0m  [1m[34mSELECT "schema_migrations"."version" FROM "schema_migrations" ORDER BY "schema_migrations"."version" ASC[0m
  ↳ /Users/joshuaspicer/.rvm/gems/ruby-2.7.8/gems/activerecord-5.2.8.1/lib/active_record/log_subscriber.rb:98
Processing by PostsController#index as HTML
  Rendering posts/index.html.erb within layouts/application
  Rendered posts/index.html.erb within layouts/application (0.2ms)
Completed 200 OK in 24ms (Views: 23.0ms | ActiveRecord: 0.0ms)


Started GET "/posts" for ::1 at 2023-04-28 07:29:50 +1000
Processing by PostsController#index as HTML
  Rendering posts/index.html.erb within layouts/application
  Rendered posts/index.html.erb within layouts/application (0.2ms)
Completed 200 OK in 18ms (Views: 16.8ms | ActiveRecord: 0.0ms)


Started GET "/posts/new" for ::1 at 2023-04-28 07:29:58 +1000
Processing by PostsController#new as HTML
  Rendering posts/new.html.erb within layouts/application
  Rendered posts/new.html.erb within layouts/application (74.5ms)
Completed 200 OK in 97ms (Views: 88.1ms | ActiveRecord: 1.6ms)


Started GET "/posts/new" for ::1 at 2023-04-28 07:30:11 +1000
Processing by PostsController#new as HTML
  Rendering posts/new.html.erb within layouts/application
  Rendered posts/new.html.erb within layouts/application (1.7ms)
Completed 200 OK in 17ms (Views: 16.0ms | ActiveRecord: 0.0ms)


Started GET "/posts/new" for ::1 at 2023-04-28 07:30:12 +1000
Processing by PostsController#new as HTML
  Rendering posts/new.html.erb within layouts/application
  Rendered posts/new.html.erb within layouts/application (2.2ms)
Completed 200 OK in 19ms (Views: 17.8ms | ActiveRecord: 0.0ms)


Started GET "/posts/new" for ::1 at 2023-04-28 07:30:12 +1000
Processing by PostsController#new as HTML
  Rendering posts/new.html.erb within layouts/application
  Rendered posts/new.html.erb within layouts/application (2.0ms)
Completed 200 OK in 19ms (Views: 18.1ms | ActiveRecord: 0.0ms)


Started GET "/posts/new" for ::1 at 2023-04-28 07:30:12 +1000
Processing by PostsController#new as HTML
  Rendering posts/new.html.erb within layouts/application
  Rendered posts/new.html.erb within layouts/application (2.1ms)
Completed 200 OK in 20ms (Views: 19.2ms | ActiveRecord: 0.0ms)


Started GET "/posts" for ::1 at 2023-04-28 07:30:15 +1000
Processing by PostsController#index as HTML
  Rendering posts/index.html.erb within layouts/application
  Rendered posts/index.html.erb within layouts/application (0.2ms)
Completed 200 OK in 21ms (Views: 20.5ms | ActiveRecord: 0.0ms)


Started GET "/posts" for ::1 at 2023-04-28 07:30:15 +1000
Processing by PostsController#index as HTML
  Rendering posts/index.html.erb within layouts/application
  Rendered posts/index.html.erb within layouts/application (0.2ms)
Completed 200 OK in 16ms (Views: 15.5ms | ActiveRecord: 0.0ms)


Started GET "/posts" for ::1 at 2023-04-28 07:30:20 +1000
Processing by PostsController#index as HTML
  Rendering posts/index.html.erb within layouts/application
  Rendered posts/index.html.erb within layouts/application (0.2ms)
Completed 200 OK in 14ms (Views: 13.7ms | ActiveRecord: 0.0ms)


Started GET "/posts" for ::1 at 2023-04-28 07:30:21 +1000
Processing by PostsController#index as HTML
  Rendering posts/index.html.erb within layouts/application
  Rendered posts/index.html.erb within layouts/application (0.3ms)
Completed 200 OK in 16ms (Views: 15.3ms | ActiveRecord: 0.0ms)


Started GET "/posts" for ::1 at 2023-04-28 07:30:21 +1000
Processing by PostsController#index as HTML
  Rendering posts/index.html.erb within layouts/application
  Rendered posts/index.html.erb within layouts/application (0.2ms)
Completed 200 OK in 15ms (Views: 14.1ms | ActiveRecord: 0.0ms)


Started GET "/posts" for ::1 at 2023-04-28 07:35:39 +1000
Processing by PostsController#index as HTML
  Rendering posts/index.html.erb within layouts/application
  Rendered posts/index.html.erb within layouts/application (0.2ms)
Completed 200 OK in 23ms (Views: 21.4ms | ActiveRecord: 0.0ms)


Started GET "/posts" for ::1 at 2023-04-28 07:35:40 +1000
Processing by PostsController#index as HTML
  Rendering posts/index.html.erb within layouts/application
  Rendered posts/index.html.erb within layouts/application (0.2ms)
Completed 200 OK in 14ms (Views: 13.1ms | ActiveRecord: 0.0ms)


Started GET "/posts" for ::1 at 2023-04-28 07:35:40 +1000
Processing by PostsController#index as HTML
  Rendering posts/index.html.erb within layouts/application
  Rendered posts/index.html.erb within layouts/application (0.2ms)
Completed 200 OK in 15ms (Views: 14.2ms | ActiveRecord: 0.0ms)


Started GET "/posts" for ::1 at 2023-04-28 07:35:43 +1000
Processing by PostsController#index as HTML
  Rendering posts/index.html.erb within layouts/application
  Rendered posts/index.html.erb within layouts/application (0.3ms)
Completed 200 OK in 15ms (Views: 13.8ms | ActiveRecord: 0.0ms)


Started GET "/posts/new" for ::1 at 2023-04-28 07:35:49 +1000
Processing by PostsController#new as HTML
  Rendering posts/new.html.erb within layouts/application
  Rendered posts/new.html.erb within layouts/application (2.5ms)
Completed 200 OK in 19ms (Views: 18.2ms | ActiveRecord: 0.0ms)


Started GET "/posts/new" for ::1 at 2023-04-28 07:36:14 +1000
  [1m[35m (0.4ms)[0m  [1m[34mSELECT "schema_migrations"."version" FROM "schema_migrations" ORDER BY "schema_migrations"."version" ASC[0m
  ↳ /Users/joshuaspicer/.rvm/gems/ruby-2.7.8/gems/activerecord-5.2.8.1/lib/active_record/log_subscriber.rb:98
Processing by PostsController#new as HTML
  Rendering posts/new.html.erb within layouts/application
  Rendered posts/new.html.erb within layouts/application (29.9ms)
Completed 200 OK in 209ms (Views: 196.8ms | ActiveRecord: 0.7ms)


Started GET "/posts/new" for ::1 at 2023-04-28 07:36:15 +1000
Processing by PostsController#new as HTML
  Rendering posts/new.html.erb within layouts/application
  Rendered posts/new.html.erb within layouts/application (2.7ms)
Completed 200 OK in 21ms (Views: 19.5ms | ActiveRecord: 0.0ms)


Started GET "/posts/new" for ::1 at 2023-04-28 07:36:15 +1000
Processing by PostsController#new as HTML
  Rendering posts/new.html.erb within layouts/application
  Rendered posts/new.html.erb within layouts/application (3.3ms)
Completed 200 OK in 26ms (Views: 24.7ms | ActiveRecord: 0.0ms)


Started GET "/posts/new" for ::1 at 2023-04-28 07:36:15 +1000
Processing by PostsController#new as HTML
  Rendering posts/new.html.erb within layouts/application
  Rendered posts/new.html.erb within layouts/application (2.6ms)
Completed 200 OK in 21ms (Views: 19.8ms | ActiveRecord: 0.0ms)


Started GET "/posts/new" for ::1 at 2023-04-28 07:36:15 +1000
Processing by PostsController#new as HTML
  Rendering posts/new.html.erb within layouts/application
  Rendered posts/new.html.erb within layouts/application (2.5ms)
Completed 200 OK in 21ms (Views: 20.1ms | ActiveRecord: 0.0ms)


Started GET "/posts/new" for ::1 at 2023-04-28 07:38:12 +1000
Processing by PostsController#new as HTML
  Rendering posts/new.html.erb within layouts/application
  Rendered posts/new.html.erb within layouts/application (17.2ms)
Completed 200 OK in 49ms (Views: 48.4ms | ActiveRecord: 0.0ms)


Started GET "/posts/new" for ::1 at 2023-04-28 07:38:12 +1000
Processing by PostsController#new as HTML
  Rendering posts/new.html.erb within layouts/application
  Rendered posts/new.html.erb within layouts/application (3.1ms)
Completed 200 OK in 20ms (Views: 19.0ms | ActiveRecord: 0.0ms)


Started GET "/posts/new" for ::1 at 2023-04-28 07:38:13 +1000
Processing by PostsController#new as HTML
  Rendering posts/new.html.erb within layouts/application
  Rendered posts/new.html.erb within layouts/application (3.1ms)
Completed 200 OK in 20ms (Views: 19.0ms | ActiveRecord: 0.0ms)


Started GET "/posts/new" for ::1 at 2023-04-28 07:38:13 +1000
Processing by PostsController#new as HTML
  Rendering posts/new.html.erb within layouts/application
  Rendered posts/new.html.erb within layouts/application (3.1ms)
Completed 200 OK in 19ms (Views: 18.2ms | ActiveRecord: 0.0ms)


Started GET "/posts/new" for ::1 at 2023-04-28 07:38:31 +1000
Processing by PostsController#new as HTML
  Rendering posts/new.html.erb within layouts/application
  Rendered posts/new.html.erb within layouts/application (3.0ms)
Completed 200 OK in 18ms (Views: 17.0ms | ActiveRecord: 0.0ms)


Started GET "/posts/new" for ::1 at 2023-04-28 07:38:32 +1000
Processing by PostsController#new as HTML
  Rendering posts/new.html.erb within layouts/application
  Rendered posts/new.html.erb within layouts/application (3.2ms)
Completed 200 OK in 20ms (Views: 19.3ms | ActiveRecord: 0.0ms)


Started GET "/posts/new" for ::1 at 2023-04-28 07:38:43 +1000
  [1m[35m (0.4ms)[0m  [1m[34mSELECT "schema_migrations"."version" FROM "schema_migrations" ORDER BY "schema_migrations"."version" ASC[0m
  ↳ /Users/joshuaspicer/.rvm/gems/ruby-2.7.8/gems/activerecord-5.2.8.1/lib/active_record/log_subscriber.rb:98
Processing by PostsController#new as HTML
  Rendering posts/new.html.erb within layouts/application
  Rendered posts/new.html.erb within layouts/application (24.4ms)
Completed 200 OK in 177ms (Views: 161.7ms | ActiveRecord: 0.5ms)


Started GET "/posts/new" for ::1 at 2023-04-28 07:38:44 +1000
Processing by PostsController#new as HTML
  Rendering posts/new.html.erb within layouts/application
  Rendered posts/new.html.erb within layouts/application (2.8ms)
Completed 200 OK in 20ms (Views: 18.8ms | ActiveRecord: 0.0ms)


Started GET "/posts/new" for ::1 at 2023-04-28 07:38:44 +1000
Processing by PostsController#new as HTML
  Rendering posts/new.html.erb within layouts/application
  Rendered posts/new.html.erb within layouts/application (2.7ms)
Completed 200 OK in 17ms (Views: 16.2ms | ActiveRecord: 0.0ms)


Started GET "/posts/new" for ::1 at 2023-04-28 07:38:44 +1000
Processing by PostsController#new as HTML
  Rendering posts/new.html.erb within layouts/application
  Rendered posts/new.html.erb within layouts/application (3.0ms)
Completed 200 OK in 19ms (Views: 18.3ms | ActiveRecord: 0.0ms)


Started GET "/posts/new" for ::1 at 2023-04-28 07:38:45 +1000
Processing by PostsController#new as HTML
  Rendering posts/new.html.erb within layouts/application
  Rendered posts/new.html.erb within layouts/application (3.2ms)
Completed 200 OK in 21ms (Views: 20.0ms | ActiveRecord: 0.0ms)


Started GET "/posts" for ::1 at 2023-04-28 07:39:32 +1000
Processing by PostsController#index as HTML
  Rendering posts/index.html.erb within layouts/application
  Rendered posts/index.html.erb within layouts/application (0.2ms)
Completed 200 OK in 16ms (Views: 14.4ms | ActiveRecord: 0.0ms)


Started GET "/" for ::1 at 2023-04-28 07:39:33 +1000
Processing by PostsController#index as HTML
  Rendering posts/index.html.erb within layouts/application
  Rendered posts/index.html.erb within layouts/application (0.2ms)
Completed 200 OK in 17ms (Views: 15.7ms | ActiveRecord: 0.0ms)


Started GET "/posts/new" for ::1 at 2023-04-28 07:39:45 +1000
Processing by PostsController#new as HTML
  Rendering posts/new.html.erb within layouts/application
  Rendered posts/new.html.erb within layouts/application (3.1ms)
Completed 200 OK in 17ms (Views: 15.9ms | ActiveRecord: 0.0ms)


Started GET "/posts/new" for ::1 at 2023-04-28 07:49:24 +1000
Processing by PostsController#new as HTML
  Rendering posts/new.html.erb within layouts/application
  Rendered posts/new.html.erb within layouts/application (3.1ms)
Completed 200 OK in 30ms (Views: 29.2ms | ActiveRecord: 0.0ms)


Started POST "/posts" for ::1 at 2023-04-28 07:52:12 +1000
Processing by PostsController#create as HTML
  Parameters: {"utf8"=>"✓", "authenticity_token"=>"WGQFRGGg6s0eigzEcQ2DsmcXbyzxsBO0UIXqjx5ZqJiohHXejP5EB2tD3CCsjZVeqlIb4AU0YYhAq+FdDIjEiA==", "post"=>{"title"=>"Banking Test Post", "content"=>"Testing the new post function in the Banking Blog. "}, "commit"=>"Create new post"}
  [1m[35m (0.0ms)[0m  [1m[36mbegin transaction[0m
  ↳ app/controllers/posts_controller.rb:13
  [1m[36mPost Create (1.4ms)[0m  [1m[32mINSERT INTO "posts" ("title", "content", "created_at", "updated_at") VALUES (?, ?, ?, ?)[0m  [["title", "Banking Test Post"], ["content", "Testing the new post function in the Banking Blog. "], ["created_at", "2023-04-27 21:52:12.101510"], ["updated_at", "2023-04-27 21:52:12.101510"]]
  ↳ app/controllers/posts_controller.rb:13
  [1m[35m (0.5ms)[0m  [1m[36mcommit transaction[0m
  ↳ app/controllers/posts_controller.rb:13
Redirected to http://localhost:3000/posts/1
Completed 302 Found in 4ms (ActiveRecord: 1.9ms)


Started GET "/posts/1" for ::1 at 2023-04-28 07:52:12 +1000

AbstractController::ActionNotFound - The action 'show' could not be found for PostsController:

Started POST "/__better_errors/000009c1e53e7700/variables" for ::1 at 2023-04-28 07:52:12 +1000
Started POST "/posts" for ::1 at 2023-04-28 08:05:44 +1000
Processing by PostsController#create as HTML
  Parameters: {"utf8"=>"✓", "authenticity_token"=>"WGQFRGGg6s0eigzEcQ2DsmcXbyzxsBO0UIXqjx5ZqJiohHXejP5EB2tD3CCsjZVeqlIb4AU0YYhAq+FdDIjEiA==", "post"=>{"title"=>"Banking Test Post", "content"=>"Testing the new post function in the Banking Blog. "}, "commit"=>"Create new post"}
  [1m[35m (0.0ms)[0m  [1m[36mbegin transaction[0m
  ↳ app/controllers/posts_controller.rb:13
  [1m[36mPost Create (0.3ms)[0m  [1m[32mINSERT INTO "posts" ("title", "content", "created_at", "updated_at") VALUES (?, ?, ?, ?)[0m  [["title", "Banking Test Post"], ["content", "Testing the new post function in the Banking Blog. "], ["created_at", "2023-04-27 22:05:44.493611"], ["updated_at", "2023-04-27 22:05:44.493611"]]
  ↳ app/controllers/posts_controller.rb:13
  [1m[35m (0.6ms)[0m  [1m[36mcommit transaction[0m
  ↳ app/controllers/posts_controller.rb:13
Redirected to http://localhost:3000/posts/2
Completed 302 Found in 8ms (ActiveRecord: 1.4ms)


Started GET "/posts/2" for ::1 at 2023-04-28 08:05:44 +1000
Processing by PostsController#show as HTML
  Parameters: {"id"=>"2"}
  [1m[36mPost Load (0.1ms)[0m  [1m[34mSELECT  "posts".* FROM "posts" WHERE "posts"."id" = ? LIMIT ?[0m  [["id", 2], ["LIMIT", 1]]
  ↳ app/controllers/posts_controller.rb:21
  Rendering posts/show.html.erb within layouts/application
  Rendered posts/show.html.erb within layouts/application (0.2ms)
Completed 200 OK in 37ms (Views: 21.8ms | ActiveRecord: 0.1ms)


Started GET "/" for ::1 at 2023-04-28 08:06:03 +1000
Processing by PostsController#index as HTML
  Rendering posts/index.html.erb within layouts/application
  Rendered posts/index.html.erb within layouts/application (0.4ms)
Completed 200 OK in 19ms (Views: 17.9ms | ActiveRecord: 0.0ms)


Started GET "/" for ::1 at 2023-04-28 08:18:54 +1000
Processing by PostsController#index as HTML
  Rendering posts/index.html.erb within layouts/application
  [1m[36mPost Load (1.2ms)[0m  [1m[34mSELECT "posts".* FROM "posts" ORDER BY created_at DESC[0m
  ↳ app/views/posts/index.html.erb:6
  Rendered posts/index.html.erb within layouts/application (6.3ms)
Completed 200 OK in 34ms (Views: 28.5ms | ActiveRecord: 1.6ms)


Started GET "/" for ::1 at 2023-04-28 08:19:53 +1000
Processing by PostsController#index as HTML
  Rendering posts/index.html.erb within layouts/application
  [1m[36mPost Load (0.2ms)[0m  [1m[34mSELECT "posts".* FROM "posts" ORDER BY created_at DESC[0m
  ↳ app/views/posts/index.html.erb:6
  Rendered posts/index.html.erb within layouts/application (1.5ms)
Completed 200 OK in 21ms (Views: 19.7ms | ActiveRecord: 0.2ms)


Started GET "/posts/2" for ::1 at 2023-04-28 08:19:55 +1000
Processing by PostsController#show as HTML
  Parameters: {"id"=>"2"}
  [1m[36mPost Load (0.2ms)[0m  [1m[34mSELECT  "posts".* FROM "posts" WHERE "posts"."id" = ? LIMIT ?[0m  [["id", 2], ["LIMIT", 1]]
  ↳ app/controllers/posts_controller.rb:22
  Rendering posts/show.html.erb within layouts/application
  Rendered posts/show.html.erb within layouts/application (0.3ms)
Completed 200 OK in 18ms (Views: 16.0ms | ActiveRecord: 0.2ms)


Started GET "/" for ::1 at 2023-04-28 08:31:11 +1000
Processing by PostsController#index as HTML
  Rendering posts/index.html.erb within layouts/application
  [1m[36mPost Load (0.1ms)[0m  [1m[34mSELECT "posts".* FROM "posts" ORDER BY created_at DESC[0m
  ↳ app/views/posts/index.html.erb:6
  Rendered posts/index.html.erb within layouts/application (1.1ms)
Completed 200 OK in 27ms (Views: 25.8ms | ActiveRecord: 0.1ms)


Started GET "/" for ::1 at 2023-04-28 08:32:09 +1000
Processing by PostsController#index as HTML
  Rendering posts/index.html.erb within layouts/application
  [1m[36mPost Load (0.2ms)[0m  [1m[34mSELECT "posts".* FROM "posts" ORDER BY created_at DESC[0m
  ↳ app/views/posts/index.html.erb:6
  Rendered posts/index.html.erb within layouts/application (1.9ms)
Completed 200 OK in 23ms (Views: 21.2ms | ActiveRecord: 0.2ms)


Started GET "/posts/new" for ::1 at 2023-04-28 08:32:19 +1000
Processing by PostsController#new as HTML
  Rendering posts/new.html.erb within layouts/application
  Rendered posts/new.html.erb within layouts/application (3.5ms)
Completed 200 OK in 22ms (Views: 20.3ms | ActiveRecord: 0.0ms)


Started GET "/" for ::1 at 2023-04-28 08:33:29 +1000
Processing by PostsController#index as HTML
  Rendering posts/index.html.erb within layouts/application
  [1m[36mPost Load (0.2ms)[0m  [1m[34mSELECT "posts".* FROM "posts" ORDER BY created_at DESC[0m
  ↳ app/views/posts/index.html.erb:6
  Rendered posts/index.html.erb within layouts/application (1.3ms)
Completed 200 OK in 19ms (Views: 17.9ms | ActiveRecord: 0.2ms)


Started GET "/" for ::1 at 2023-04-28 08:33:32 +1000
Processing by PostsController#index as HTML
  Rendering posts/index.html.erb within layouts/application
  [1m[36mPost Load (0.2ms)[0m  [1m[34mSELECT "posts".* FROM "posts" ORDER BY created_at DESC[0m
  ↳ app/views/posts/index.html.erb:6
  Rendered posts/index.html.erb within layouts/application (1.4ms)
Completed 200 OK in 20ms (Views: 18.0ms | ActiveRecord: 0.2ms)


Started GET "/posts/2" for ::1 at 2023-04-28 08:33:36 +1000
Processing by PostsController#show as HTML
  Parameters: {"id"=>"2"}
  [1m[36mPost Load (0.2ms)[0m  [1m[34mSELECT  "posts".* FROM "posts" WHERE "posts"."id" = ? LIMIT ?[0m  [["id", 2], ["LIMIT", 1]]
  ↳ app/controllers/posts_controller.rb:22
  Rendering posts/show.html.erb within layouts/application
  Rendered posts/show.html.erb within layouts/application (0.3ms)
Completed 200 OK in 19ms (Views: 16.7ms | ActiveRecord: 0.2ms)


Started GET "/" for ::1 at 2023-04-28 08:33:37 +1000
Processing by PostsController#index as HTML
  Rendering posts/index.html.erb within layouts/application
  [1m[36mPost Load (0.1ms)[0m  [1m[34mSELECT "posts".* FROM "posts" ORDER BY created_at DESC[0m
  ↳ app/views/posts/index.html.erb:6
  Rendered posts/index.html.erb within layouts/application (1.2ms)
Completed 200 OK in 21ms (Views: 19.4ms | ActiveRecord: 0.1ms)


Started GET "/" for ::1 at 2023-04-28 08:36:07 +1000
Processing by PostsController#index as HTML
  Rendering posts/index.html.erb within layouts/application
  [1m[36mPost Load (0.1ms)[0m  [1m[34mSELECT "posts".* FROM "posts" ORDER BY created_at DESC[0m
  ↳ app/views/posts/index.html.erb:6
  Rendered posts/index.html.erb within layouts/application (1.4ms)
Completed 200 OK in 25ms (Views: 23.2ms | ActiveRecord: 0.1ms)


Started GET "/posts/2" for ::1 at 2023-04-28 08:36:08 +1000
Processing by PostsController#show as HTML
  Parameters: {"id"=>"2"}
  [1m[36mPost Load (0.1ms)[0m  [1m[34mSELECT  "posts".* FROM "posts" WHERE "posts"."id" = ? LIMIT ?[0m  [["id", 2], ["LIMIT", 1]]
  ↳ app/controllers/posts_controller.rb:22
  Rendering posts/show.html.erb within layouts/application
  Rendered posts/show.html.erb within layouts/application (0.3ms)
Completed 200 OK in 17ms (Views: 16.0ms | ActiveRecord: 0.1ms)


Started GET "/" for ::1 at 2023-04-28 08:36:11 +1000
Processing by PostsController#index as HTML
  Rendering posts/index.html.erb within layouts/application
  [1m[36mPost Load (0.2ms)[0m  [1m[34mSELECT "posts".* FROM "posts" ORDER BY created_at DESC[0m
  ↳ app/views/posts/index.html.erb:6
  Rendered posts/index.html.erb within layouts/application (1.4ms)
Completed 200 OK in 20ms (Views: 18.3ms | ActiveRecord: 0.2ms)


Started GET "/" for ::1 at 2023-04-28 08:52:08 +1000
Processing by PostsController#index as HTML
  Rendering posts/index.html.erb within layouts/application
  [1m[36mPost Load (0.2ms)[0m  [1m[34mSELECT "posts".* FROM "posts" ORDER BY created_at DESC[0m
  ↳ app/views/posts/index.html.erb:6
  Rendered posts/index.html.erb within layouts/application (6.7ms)
Completed 200 OK in 36ms (Views: 31.5ms | ActiveRecord: 0.7ms)


Started GET "/" for ::1 at 2023-04-28 08:52:10 +1000
Processing by PostsController#index as HTML
  Rendering posts/index.html.erb within layouts/application
  [1m[36mPost Load (0.1ms)[0m  [1m[34mSELECT "posts".* FROM "posts" ORDER BY created_at DESC[0m
  ↳ app/views/posts/index.html.erb:6
  Rendered posts/index.html.erb within layouts/application (1.1ms)
Completed 200 OK in 18ms (Views: 17.2ms | ActiveRecord: 0.1ms)


Started GET "/posts/2" for ::1 at 2023-04-28 08:52:16 +1000
Processing by PostsController#show as HTML
  Parameters: {"id"=>"2"}
  [1m[36mPost Load (0.2ms)[0m  [1m[34mSELECT  "posts".* FROM "posts" WHERE "posts"."id" = ? LIMIT ?[0m  [["id", 2], ["LIMIT", 1]]
  ↳ app/controllers/posts_controller.rb:22
  Rendering posts/show.html.erb within layouts/application
  Rendered posts/show.html.erb within layouts/application (0.6ms)
Completed 200 OK in 19ms (Views: 16.9ms | ActiveRecord: 0.2ms)


Started GET "/posts/2/edit" for ::1 at 2023-04-28 08:52:18 +1000
Processing by PostsController#edit as HTML
  Parameters: {"id"=>"2"}
  [1m[36mPost Load (0.1ms)[0m  [1m[34mSELECT  "posts".* FROM "posts" WHERE "posts"."id" = ? LIMIT ?[0m  [["id", 2], ["LIMIT", 1]]
  ↳ app/controllers/posts_controller.rb:38
Completed 406 Not Acceptable in 29ms (ActiveRecord: 0.1ms)



ActionController::UnknownFormat - PostsController#edit is missing a template for this request format and variant.
request.formats: ["text/html"]
request.variant: []
NOTE! For XHR/Ajax or API requests, this action would normally respond with 204 No Content: an empty white screen. Since you're loading it in a web browser, we assume that you expected to actually render a template, not nothing, so we're showing an error to be extra-clear. If you expect 204 No Content, carry on. That's what you'll get from an XHR or API request. Give it a shot.:

Started POST "/__better_errors/37582d773d74e558/variables" for ::1 at 2023-04-28 08:52:18 +1000
Started GET "/posts/2" for ::1 at 2023-04-28 08:52:20 +1000
Processing by PostsController#show as HTML
  Parameters: {"id"=>"2"}
  [1m[36mPost Load (0.1ms)[0m  [1m[34mSELECT  "posts".* FROM "posts" WHERE "posts"."id" = ? LIMIT ?[0m  [["id", 2], ["LIMIT", 1]]
  ↳ app/controllers/posts_controller.rb:22
  Rendering posts/show.html.erb within layouts/application
  Rendered posts/show.html.erb within layouts/application (0.5ms)
Completed 200 OK in 21ms (Views: 19.3ms | ActiveRecord: 0.1ms)


Started GET "/" for ::1 at 2023-04-28 09:05:16 +1000
Processing by PostsController#index as HTML
  Rendering posts/index.html.erb within layouts/application
  [1m[36mPost Load (0.2ms)[0m  [1m[34mSELECT "posts".* FROM "posts" ORDER BY created_at DESC[0m
  ↳ app/views/posts/index.html.erb:6
  Rendered posts/index.html.erb within layouts/application (2.1ms)
Completed 200 OK in 30ms (Views: 26.9ms | ActiveRecord: 0.2ms)


Started GET "/posts/2" for ::1 at 2023-04-28 09:05:21 +1000
Processing by PostsController#show as HTML
  Parameters: {"id"=>"2"}
  [1m[36mPost Load (0.2ms)[0m  [1m[34mSELECT  "posts".* FROM "posts" WHERE "posts"."id" = ? LIMIT ?[0m  [["id", 2], ["LIMIT", 1]]
  ↳ app/controllers/posts_controller.rb:22
  Rendering posts/show.html.erb within layouts/application
  Rendered posts/show.html.erb within layouts/application (0.5ms)
Completed 200 OK in 21ms (Views: 18.1ms | ActiveRecord: 0.2ms)


Started GET "/posts/2/edit" for ::1 at 2023-04-28 09:05:22 +1000
Processing by PostsController#edit as HTML
  Parameters: {"id"=>"2"}
  [1m[36mPost Load (0.1ms)[0m  [1m[34mSELECT  "posts".* FROM "posts" WHERE "posts"."id" = ? LIMIT ?[0m  [["id", 2], ["LIMIT", 1]]
  ↳ app/controllers/posts_controller.rb:38
  Rendering posts/edit.html.erb within layouts/application
  Rendered posts/_form.html.erb (3.1ms)
  Rendered posts/edit.html.erb within layouts/application (4.1ms)
Completed 200 OK in 19ms (Views: 17.6ms | ActiveRecord: 0.1ms)


Started GET "/" for ::1 at 2023-04-28 09:06:53 +1000
Processing by PostsController#index as HTML
  Rendering posts/index.html.erb within layouts/application
  [1m[36mPost Load (0.2ms)[0m  [1m[34mSELECT "posts".* FROM "posts" ORDER BY created_at DESC[0m
  ↳ app/views/posts/index.html.erb:6
  Rendered posts/index.html.erb within layouts/application (1.7ms)
Completed 200 OK in 24ms (Views: 21.9ms | ActiveRecord: 0.2ms)


Started GET "/posts/2" for ::1 at 2023-04-28 09:06:54 +1000
Processing by PostsController#show as HTML
  Parameters: {"id"=>"2"}
  [1m[36mPost Load (0.2ms)[0m  [1m[34mSELECT  "posts".* FROM "posts" WHERE "posts"."id" = ? LIMIT ?[0m  [["id", 2], ["LIMIT", 1]]
  ↳ app/controllers/posts_controller.rb:22
  Rendering posts/show.html.erb within layouts/application
  Rendered posts/show.html.erb within layouts/application (0.5ms)
Completed 200 OK in 19ms (Views: 17.1ms | ActiveRecord: 0.2ms)


Started GET "/posts/2/edit" for ::1 at 2023-04-28 09:06:55 +1000
Processing by PostsController#edit as HTML
  Parameters: {"id"=>"2"}
  [1m[36mPost Load (0.1ms)[0m  [1m[34mSELECT  "posts".* FROM "posts" WHERE "posts"."id" = ? LIMIT ?[0m  [["id", 2], ["LIMIT", 1]]
  ↳ app/controllers/posts_controller.rb:38
  Rendering posts/edit.html.erb within layouts/application
  Rendered posts/_form.html.erb (4.0ms)
  Rendered posts/edit.html.erb within layouts/application (5.1ms)
Completed 200 OK in 24ms (Views: 21.9ms | ActiveRecord: 0.1ms)


Started PATCH "/posts/2" for ::1 at 2023-04-28 09:07:12 +1000
Processing by PostsController#update as HTML
  Parameters: {"utf8"=>"✓", "authenticity_token"=>"HDSRFuSJrRnV2Yt41pRLt3PJu4em+eG8sM4bkl/4Aul4JfPzsEhMWm8xUsM2gBdOOV8x4j2YcZK3vfMTctUYlw==", "post"=>{"title"=>"Banking Test Post", "content"=>"Testing the new post function in the Banking Blog. Updated"}, "commit"=>"Update Post", "id"=>"2"}
  [1m[36mPost Load (0.1ms)[0m  [1m[34mSELECT  "posts".* FROM "posts" WHERE "posts"."id" = ? LIMIT ?[0m  [["id", 2], ["LIMIT", 1]]
  ↳ app/controllers/posts_controller.rb:27
  [1m[35m (0.0ms)[0m  [1m[36mbegin transaction[0m
  ↳ app/controllers/posts_controller.rb:29
  [1m[36mPost Update (0.4ms)[0m  [1m[33mUPDATE "posts" SET "content" = ?, "updated_at" = ? WHERE "posts"."id" = ?[0m  [["content", "Testing the new post function in the Banking Blog. Updated"], ["updated_at", "2023-04-27 23:07:12.182066"], ["id", 2]]
  ↳ app/controllers/posts_controller.rb:29
  [1m[35m (0.9ms)[0m  [1m[36mcommit transaction[0m
  ↳ app/controllers/posts_controller.rb:29
Redirected to http://localhost:3000/posts/2
Completed 302 Found in 5ms (ActiveRecord: 1.4ms)


Started GET "/posts/2" for ::1 at 2023-04-28 09:07:12 +1000
Processing by PostsController#show as HTML
  Parameters: {"id"=>"2"}
  [1m[36mPost Load (0.1ms)[0m  [1m[34mSELECT  "posts".* FROM "posts" WHERE "posts"."id" = ? LIMIT ?[0m  [["id", 2], ["LIMIT", 1]]
  ↳ app/controllers/posts_controller.rb:22
  Rendering posts/show.html.erb within layouts/application
  Rendered posts/show.html.erb within layouts/application (0.5ms)
Completed 200 OK in 19ms (Views: 17.2ms | ActiveRecord: 0.1ms)


Started GET "/" for ::1 at 2023-04-28 09:18:33 +1000
Processing by PostsController#index as HTML
  Rendering posts/index.html.erb within layouts/application
  [1m[36mPost Load (0.1ms)[0m  [1m[34mSELECT "posts".* FROM "posts" ORDER BY created_at DESC[0m
  ↳ app/views/posts/index.html.erb:6
  Rendered posts/index.html.erb within layouts/application (4.9ms)
Completed 200 OK in 31ms (Views: 27.0ms | ActiveRecord: 0.6ms)


Started GET "/posts/1" for ::1 at 2023-04-28 09:18:35 +1000
Processing by PostsController#show as HTML
  Parameters: {"id"=>"1"}
  [1m[36mPost Load (0.2ms)[0m  [1m[34mSELECT  "posts".* FROM "posts" WHERE "posts"."id" = ? LIMIT ?[0m  [["id", 1], ["LIMIT", 1]]
  ↳ app/controllers/posts_controller.rb:22
  Rendering posts/show.html.erb within layouts/application
  Rendered posts/show.html.erb within layouts/application (0.6ms)
Completed 200 OK in 17ms (Views: 14.9ms | ActiveRecord: 0.2ms)


Started DELETE "/posts/1" for ::1 at 2023-04-28 09:18:37 +1000
Processing by PostsController#destroy as HTML
  Parameters: {"authenticity_token"=>"WxxFOX59+pPi4NMUt5fHhxVtPjPaPfkknN9/XMoGhB6r/DWjkyNUWZcpA/BqF9Fr2ChK/y65ixiM8XSO2NfoDg==", "id"=>"1"}
  [1m[36mPost Load (0.1ms)[0m  [1m[34mSELECT  "posts".* FROM "posts" WHERE "posts"."id" = ? LIMIT ?[0m  [["id", 1], ["LIMIT", 1]]
  ↳ app/controllers/posts_controller.rb:42
  [1m[35m (0.0ms)[0m  [1m[36mbegin transaction[0m
  ↳ app/controllers/posts_controller.rb:43
  [1m[36mPost Destroy (1.2ms)[0m  [1m[31mDELETE FROM "posts" WHERE "posts"."id" = ?[0m  [["id", 1]]
  ↳ app/controllers/posts_controller.rb:43
  [1m[35m (0.6ms)[0m  [1m[36mcommit transaction[0m
  ↳ app/controllers/posts_controller.rb:43
Redirected to http://localhost:3000/posts
Completed 302 Found in 4ms (ActiveRecord: 1.9ms)


Started GET "/posts" for ::1 at 2023-04-28 09:18:37 +1000
Processing by PostsController#index as HTML
  Rendering posts/index.html.erb within layouts/application
  [1m[36mPost Load (0.1ms)[0m  [1m[34mSELECT "posts".* FROM "posts" ORDER BY created_at DESC[0m
  ↳ app/views/posts/index.html.erb:6
  Rendered posts/index.html.erb within layouts/application (0.8ms)
Completed 200 OK in 16ms (Views: 14.9ms | ActiveRecord: 0.1ms)


Started GET "/posts/new" for ::1 at 2023-04-28 09:19:10 +1000
Processing by PostsController#new as HTML
  Rendering posts/new.html.erb within layouts/application
  Rendered posts/_form.html.erb (3.9ms)
  Rendered posts/new.html.erb within layouts/application (5.2ms)
Completed 200 OK in 24ms (Views: 22.1ms | ActiveRecord: 0.0ms)


Started POST "/posts" for ::1 at 2023-04-28 09:19:23 +1000
Processing by PostsController#create as HTML
  Parameters: {"utf8"=>"✓", "authenticity_token"=>"14HCCYt1R3cLiyqRACcKBpuaywZI5ZnnJxSsyNmaaSrpstg3qHzhDrfPKWeevBAxcxM/Vl5ynFl5ZaQ7Gb++/g==", "post"=>{"title"=>"second post", "content"=>""}, "commit"=>"Create Post"}
  [1m[35m (0.0ms)[0m  [1m[36mbegin transaction[0m
  ↳ app/controllers/posts_controller.rb:14
  [1m[36mPost Create (0.4ms)[0m  [1m[32mINSERT INTO "posts" ("title", "content", "created_at", "updated_at") VALUES (?, ?, ?, ?)[0m  [["title", "second post"], ["content", ""], ["created_at", "2023-04-27 23:19:23.226319"], ["updated_at", "2023-04-27 23:19:23.226319"]]
  ↳ app/controllers/posts_controller.rb:14
  [1m[35m (0.6ms)[0m  [1m[36mcommit transaction[0m
  ↳ app/controllers/posts_controller.rb:14
Redirected to http://localhost:3000/posts/3
Completed 302 Found in 4ms (ActiveRecord: 1.0ms)


Started GET "/posts/3" for ::1 at 2023-04-28 09:19:23 +1000
Processing by PostsController#show as HTML
  Parameters: {"id"=>"3"}
  [1m[36mPost Load (0.1ms)[0m  [1m[34mSELECT  "posts".* FROM "posts" WHERE "posts"."id" = ? LIMIT ?[0m  [["id", 3], ["LIMIT", 1]]
  ↳ app/controllers/posts_controller.rb:22
  Rendering posts/show.html.erb within layouts/application
  Rendered posts/show.html.erb within layouts/application (0.6ms)
Completed 200 OK in 19ms (Views: 17.3ms | ActiveRecord: 0.1ms)


Started GET "/" for ::1 at 2023-04-28 09:19:27 +1000
Processing by PostsController#index as HTML
  Rendering posts/index.html.erb within layouts/application
  [1m[36mPost Load (0.2ms)[0m  [1m[34mSELECT "posts".* FROM "posts" ORDER BY created_at DESC[0m
  ↳ app/views/posts/index.html.erb:6
  Rendered posts/index.html.erb within layouts/application (1.6ms)
Completed 200 OK in 23ms (Views: 22.1ms | ActiveRecord: 0.2ms)


Started GET "/posts/new" for ::1 at 2023-04-28 09:19:29 +1000
Processing by PostsController#new as HTML
  Rendering posts/new.html.erb within layouts/application
  Rendered posts/_form.html.erb (3.3ms)
  Rendered posts/new.html.erb within layouts/application (4.2ms)
Completed 200 OK in 23ms (Views: 21.9ms | ActiveRecord: 0.0ms)


Started POST "/posts" for ::1 at 2023-04-28 09:19:35 +1000
Processing by PostsController#create as HTML
  Parameters: {"utf8"=>"✓", "authenticity_token"=>"ys5zMb+BDzlvOVvh4xZlZdH13NRiyqhUP3reexPJUmT0/WkPnIipQNN9WBd9jX9SOXwohHRdrephC9aI0+yFsA==", "post"=>{"title"=>"Third Post", "content"=>"Test"}, "commit"=>"Create Post"}
  [1m[35m (0.0ms)[0m  [1m[36mbegin transaction[0m
  ↳ app/controllers/posts_controller.rb:14
  [1m[36mPost Create (0.4ms)[0m  [1m[32mINSERT INTO "posts" ("title", "content", "created_at", "updated_at") VALUES (?, ?, ?, ?)[0m  [["title", "Third Post"], ["content", "Test"], ["created_at", "2023-04-27 23:19:35.661292"], ["updated_at", "2023-04-27 23:19:35.661292"]]
  ↳ app/controllers/posts_controller.rb:14
  [1m[35m (0.6ms)[0m  [1m[36mcommit transaction[0m
  ↳ app/controllers/posts_controller.rb:14
Redirected to http://localhost:3000/posts/4
Completed 302 Found in 3ms (ActiveRecord: 1.0ms)


Started GET "/posts/4" for ::1 at 2023-04-28 09:19:35 +1000
Processing by PostsController#show as HTML
  Parameters: {"id"=>"4"}
  [1m[36mPost Load (0.1ms)[0m  [1m[34mSELECT  "posts".* FROM "posts" WHERE "posts"."id" = ? LIMIT ?[0m  [["id", 4], ["LIMIT", 1]]
  ↳ app/controllers/posts_controller.rb:22
  Rendering posts/show.html.erb within layouts/application
  Rendered posts/show.html.erb within layouts/application (0.5ms)
Completed 200 OK in 16ms (Views: 15.0ms | ActiveRecord: 0.1ms)


Started GET "/" for ::1 at 2023-04-28 09:19:38 +1000
Processing by PostsController#index as HTML
  Rendering posts/index.html.erb within layouts/application
  [1m[36mPost Load (0.2ms)[0m  [1m[34mSELECT "posts".* FROM "posts" ORDER BY created_at DESC[0m
  ↳ app/views/posts/index.html.erb:6
  Rendered posts/index.html.erb within layouts/application (1.3ms)
Completed 200 OK in 18ms (Views: 17.1ms | ActiveRecord: 0.2ms)


  [1m[35m (0.1ms)[0m  [1m[34mSELECT "schema_migrations"."version" FROM "schema_migrations" ORDER BY "schema_migrations"."version" ASC[0m
  ↳ bin/rails:9
Migrating to CreateComments (20230427232655)
  [1m[35m (0.1ms)[0m  [1m[36mbegin transaction[0m
  ↳ bin/rails:9
  [1m[35m (0.1ms)[0m  [1m[34mSELECT sqlite_version(*)[0m
  ↳ db/migrate/20230427232655_create_comments.rb:3
  [1m[35m (0.5ms)[0m  [1m[35mCREATE TABLE "comments" ("id" integer PRIMARY KEY AUTOINCREMENT NOT NULL, "name" varchar, "comment" text, "created_at" datetime NOT NULL, "updated_at" datetime NOT NULL)[0m
  ↳ db/migrate/20230427232655_create_comments.rb:3
  [1m[36mActiveRecord::SchemaMigration Create (0.1ms)[0m  [1m[32mINSERT INTO "schema_migrations" ("version") VALUES (?)[0m  [["version", "20230427232655"]]
  ↳ bin/rails:9
  [1m[35m (0.7ms)[0m  [1m[36mcommit transaction[0m
  ↳ bin/rails:9
  [1m[36mActiveRecord::InternalMetadata Load (0.1ms)[0m  [1m[34mSELECT  "ar_internal_metadata".* FROM "ar_internal_metadata" WHERE "ar_internal_metadata"."key" = ? LIMIT ?[0m  [["key", "environment"], ["LIMIT", 1]]
  ↳ bin/rails:9
  [1m[35m (0.0ms)[0m  [1m[36mbegin transaction[0m
  ↳ bin/rails:9
  [1m[35m (0.0ms)[0m  [1m[36mcommit transaction[0m
  ↳ bin/rails:9
  [1m[35m (0.1ms)[0m  [1m[34mSELECT "schema_migrations"."version" FROM "schema_migrations" ORDER BY "schema_migrations"."version" ASC[0m
  ↳ bin/rails:9
  [1m[35m (0.3ms)[0m  [1m[34mSELECT "schema_migrations"."version" FROM "schema_migrations" ORDER BY "schema_migrations"."version" ASC[0m
  ↳ bin/rails:9
Migrating to AddPostIdToComments (20230427233952)
  [1m[35m (0.0ms)[0m  [1m[36mbegin transaction[0m
  ↳ bin/rails:9
  [1m[35m (1.9ms)[0m  [1m[35mALTER TABLE "comments" ADD "post_id" integer[0m
  ↳ db/migrate/20230427233952_add_post_id_to_comments.rb:3
  [1m[36mActiveRecord::SchemaMigration Create (0.4ms)[0m  [1m[32mINSERT INTO "schema_migrations" ("version") VALUES (?)[0m  [["version", "20230427233952"]]
  ↳ bin/rails:9
  [1m[35m (0.7ms)[0m  [1m[36mcommit transaction[0m
  ↳ bin/rails:9
  [1m[36mActiveRecord::InternalMetadata Load (0.5ms)[0m  [1m[34mSELECT  "ar_internal_metadata".* FROM "ar_internal_metadata" WHERE "ar_internal_metadata"."key" = ? LIMIT ?[0m  [["key", "environment"], ["LIMIT", 1]]
  ↳ bin/rails:9
  [1m[35m (0.0ms)[0m  [1m[36mbegin transaction[0m
  ↳ bin/rails:9
  [1m[35m (0.0ms)[0m  [1m[36mcommit transaction[0m
  ↳ bin/rails:9
  [1m[35m (0.1ms)[0m  [1m[34mSELECT "schema_migrations"."version" FROM "schema_migrations" ORDER BY "schema_migrations"."version" ASC[0m
  ↳ bin/rails:9
Started GET "/posts/2" for ::1 at 2023-04-28 09:48:55 +1000
  [1m[35m (0.1ms)[0m  [1m[34mSELECT "schema_migrations"."version" FROM "schema_migrations" ORDER BY "schema_migrations"."version" ASC[0m
  ↳ /Users/joshuaspicer/.rvm/gems/ruby-2.7.8/gems/activerecord-5.2.8.1/lib/active_record/log_subscriber.rb:98
Processing by PostsController#show as HTML
  Parameters: {"id"=>"2"}
  [1m[36mPost Load (0.1ms)[0m  [1m[34mSELECT  "posts".* FROM "posts" WHERE "posts"."id" = ? LIMIT ?[0m  [["id", 2], ["LIMIT", 1]]
  ↳ app/controllers/posts_controller.rb:22
  Rendering posts/show.html.erb within layouts/application
  [1m[35m (0.1ms)[0m  [1m[34mSELECT COUNT(*) FROM "comments" WHERE "comments"."post_id" = ?[0m  [["post_id", 2]]
  ↳ app/views/posts/show.html.erb:39
  [1m[36mComment Load (0.1ms)[0m  [1m[34mSELECT "comments".* FROM "comments" WHERE "comments"."post_id" = ?[0m  [["post_id", 2]]
  ↳ app/views/posts/show.html.erb:40
  Rendered collection of templates [0 times] (0.0ms)
  Rendered posts/show.html.erb within layouts/application (22.1ms)
Completed 500 Internal Server Error in 49ms (ActiveRecord: 1.0ms)



ActionView::MissingTemplate - Missing partial comments/_form with {:locale=>[:en], :formats=>[:html], :variants=>[], :handlers=>[:raw, :erb, :html, :builder, :ruby, :coffee, :jbuilder]}. Searched in:
  * "/Users/joshuaspicer/Project-1/Banking_Blog/app/views":
  app/views/posts/show.html.erb:44:in `_app_views_posts_show_html_erb__3228292322376475868_29180'

Started POST "/__better_errors/ed9e9e1e3ce83085/variables" for ::1 at 2023-04-28 09:48:55 +1000
Started GET "/" for ::1 at 2023-04-28 09:48:57 +1000
Processing by PostsController#index as HTML
  Rendering posts/index.html.erb within layouts/application
  [1m[36mPost Load (0.1ms)[0m  [1m[34mSELECT "posts".* FROM "posts" ORDER BY created_at DESC[0m
  ↳ app/views/posts/index.html.erb:6
  Rendered posts/index.html.erb within layouts/application (1.2ms)
Completed 200 OK in 846ms (Views: 844.7ms | ActiveRecord: 0.1ms)


Started GET "/posts/4" for ::1 at 2023-04-28 09:49:07 +1000
Processing by PostsController#show as HTML
  Parameters: {"id"=>"4"}
  [1m[36mPost Load (0.1ms)[0m  [1m[34mSELECT  "posts".* FROM "posts" WHERE "posts"."id" = ? LIMIT ?[0m  [["id", 4], ["LIMIT", 1]]
  ↳ app/controllers/posts_controller.rb:22
  Rendering posts/show.html.erb within layouts/application
  [1m[35m (0.1ms)[0m  [1m[34mSELECT COUNT(*) FROM "comments" WHERE "comments"."post_id" = ?[0m  [["post_id", 4]]
  ↳ app/views/posts/show.html.erb:39
  [1m[36mComment Load (0.1ms)[0m  [1m[34mSELECT "comments".* FROM "comments" WHERE "comments"."post_id" = ?[0m  [["post_id", 4]]
  ↳ app/views/posts/show.html.erb:40
  Rendered collection of templates [0 times] (0.0ms)
  Rendered posts/show.html.erb within layouts/application (3.3ms)
Completed 500 Internal Server Error in 6ms (ActiveRecord: 0.3ms)



ActionView::MissingTemplate - Missing partial comments/_form with {:locale=>[:en], :formats=>[:html], :variants=>[], :handlers=>[:raw, :erb, :html, :builder, :ruby, :coffee, :jbuilder]}. Searched in:
  * "/Users/joshuaspicer/Project-1/Banking_Blog/app/views":
  app/views/posts/show.html.erb:44:in `_app_views_posts_show_html_erb__3228292322376475868_30340'

Started POST "/__better_errors/f8be0fbf46701dc5/variables" for ::1 at 2023-04-28 09:49:07 +1000
Started GET "/" for ::1 at 2023-04-28 09:49:09 +1000
Processing by PostsController#index as HTML
  Rendering posts/index.html.erb within layouts/application
  [1m[36mPost Load (0.2ms)[0m  [1m[34mSELECT "posts".* FROM "posts" ORDER BY created_at DESC[0m
  ↳ app/views/posts/index.html.erb:6
  Rendered posts/index.html.erb within layouts/application (1.3ms)
Completed 200 OK in 22ms (Views: 20.5ms | ActiveRecord: 0.2ms)


Started GET "/posts/2" for ::1 at 2023-04-28 09:49:20 +1000
Processing by PostsController#show as HTML
  Parameters: {"id"=>"2"}
  [1m[36mPost Load (0.1ms)[0m  [1m[34mSELECT  "posts".* FROM "posts" WHERE "posts"."id" = ? LIMIT ?[0m  [["id", 2], ["LIMIT", 1]]
  ↳ app/controllers/posts_controller.rb:22
  Rendering posts/show.html.erb within layouts/application
  Rendered posts/show.html.erb within layouts/application (0.6ms)
Completed 200 OK in 20ms (Views: 18.3ms | ActiveRecord: 0.1ms)


Started DELETE "/posts/2" for ::1 at 2023-04-28 09:49:23 +1000
Processing by PostsController#destroy as HTML
  Parameters: {"authenticity_token"=>"BSwuvhl3mprs9Zid+2DBsRW71srT9p7eJXrNF96j/mn1zF4k9Ck0UJk8SHkm4Ndd2P6iBidy7OI1VMbFzHKSeQ==", "id"=>"2"}
  [1m[36mPost Load (0.1ms)[0m  [1m[34mSELECT  "posts".* FROM "posts" WHERE "posts"."id" = ? LIMIT ?[0m  [["id", 2], ["LIMIT", 1]]
  ↳ app/controllers/posts_controller.rb:42
  [1m[35m (0.0ms)[0m  [1m[36mbegin transaction[0m
  ↳ app/controllers/posts_controller.rb:43
  [1m[36mPost Destroy (0.3ms)[0m  [1m[31mDELETE FROM "posts" WHERE "posts"."id" = ?[0m  [["id", 2]]
  ↳ app/controllers/posts_controller.rb:43
  [1m[35m (0.6ms)[0m  [1m[36mcommit transaction[0m
  ↳ app/controllers/posts_controller.rb:43
Redirected to http://localhost:3000/posts
Completed 302 Found in 3ms (ActiveRecord: 1.0ms)


Started GET "/posts" for ::1 at 2023-04-28 09:49:23 +1000
Processing by PostsController#index as HTML
  Rendering posts/index.html.erb within layouts/application
  [1m[36mPost Load (0.2ms)[0m  [1m[34mSELECT "posts".* FROM "posts" ORDER BY created_at DESC[0m
  ↳ app/views/posts/index.html.erb:6
  Rendered posts/index.html.erb within layouts/application (1.1ms)
Completed 200 OK in 21ms (Views: 19.4ms | ActiveRecord: 0.2ms)


Started GET "/posts/3" for ::1 at 2023-04-28 09:49:25 +1000
Processing by PostsController#show as HTML
  Parameters: {"id"=>"3"}
  [1m[36mPost Load (0.1ms)[0m  [1m[34mSELECT  "posts".* FROM "posts" WHERE "posts"."id" = ? LIMIT ?[0m  [["id", 3], ["LIMIT", 1]]
  ↳ app/controllers/posts_controller.rb:22
  Rendering posts/show.html.erb within layouts/application
  Rendered posts/show.html.erb within layouts/application (0.7ms)
Completed 200 OK in 20ms (Views: 18.1ms | ActiveRecord: 0.1ms)


Started DELETE "/posts/3" for ::1 at 2023-04-28 09:49:27 +1000
Processing by PostsController#destroy as HTML
  Parameters: {"authenticity_token"=>"xOLluFLcz2IYyyT0hPqnBOa2Q7J90+bWS92hprjzkdE0ApUiv4JhqG0C9BBZerHoK/M3folXlOpb86p0qiL9wQ==", "id"=>"3"}
  [1m[36mPost Load (0.1ms)[0m  [1m[34mSELECT  "posts".* FROM "posts" WHERE "posts"."id" = ? LIMIT ?[0m  [["id", 3], ["LIMIT", 1]]
  ↳ app/controllers/posts_controller.rb:42
  [1m[35m (0.0ms)[0m  [1m[36mbegin transaction[0m
  ↳ app/controllers/posts_controller.rb:43
  [1m[36mPost Destroy (0.3ms)[0m  [1m[31mDELETE FROM "posts" WHERE "posts"."id" = ?[0m  [["id", 3]]
  ↳ app/controllers/posts_controller.rb:43
  [1m[35m (0.7ms)[0m  [1m[36mcommit transaction[0m
  ↳ app/controllers/posts_controller.rb:43
Redirected to http://localhost:3000/posts
Completed 302 Found in 3ms (ActiveRecord: 1.1ms)


Started GET "/posts" for ::1 at 2023-04-28 09:49:27 +1000
Processing by PostsController#index as HTML
  Rendering posts/index.html.erb within layouts/application
  [1m[36mPost Load (0.2ms)[0m  [1m[34mSELECT "posts".* FROM "posts" ORDER BY created_at DESC[0m
  ↳ app/views/posts/index.html.erb:6
  Rendered posts/index.html.erb within layouts/application (0.9ms)
Completed 200 OK in 17ms (Views: 16.0ms | ActiveRecord: 0.2ms)


Started GET "/posts/4" for ::1 at 2023-04-28 09:49:28 +1000
Processing by PostsController#show as HTML
  Parameters: {"id"=>"4"}
  [1m[36mPost Load (0.1ms)[0m  [1m[34mSELECT  "posts".* FROM "posts" WHERE "posts"."id" = ? LIMIT ?[0m  [["id", 4], ["LIMIT", 1]]
  ↳ app/controllers/posts_controller.rb:22
  Rendering posts/show.html.erb within layouts/application
  Rendered posts/show.html.erb within layouts/application (0.6ms)
Completed 200 OK in 19ms (Views: 17.1ms | ActiveRecord: 0.1ms)


Started DELETE "/posts/4" for ::1 at 2023-04-28 09:49:30 +1000
Processing by PostsController#destroy as HTML
  Parameters: {"authenticity_token"=>"E9unpXif5PgBNAMgaqj5cSH/JjqR8FwtYnlEGtP7lerjO9c/lcFKMnT908S3KO+d7LpS9mV0LhFyV0/IwSr5+g==", "id"=>"4"}
  [1m[36mPost Load (0.1ms)[0m  [1m[34mSELECT  "posts".* FROM "posts" WHERE "posts"."id" = ? LIMIT ?[0m  [["id", 4], ["LIMIT", 1]]
  ↳ app/controllers/posts_controller.rb:42
  [1m[35m (0.0ms)[0m  [1m[36mbegin transaction[0m
  ↳ app/controllers/posts_controller.rb:43
  [1m[36mPost Destroy (0.3ms)[0m  [1m[31mDELETE FROM "posts" WHERE "posts"."id" = ?[0m  [["id", 4]]
  ↳ app/controllers/posts_controller.rb:43
  [1m[35m (0.7ms)[0m  [1m[36mcommit transaction[0m
  ↳ app/controllers/posts_controller.rb:43
Redirected to http://localhost:3000/posts
Completed 302 Found in 3ms (ActiveRecord: 1.2ms)


Started GET "/posts" for ::1 at 2023-04-28 09:49:30 +1000
Processing by PostsController#index as HTML
  Rendering posts/index.html.erb within layouts/application
  [1m[36mPost Load (0.1ms)[0m  [1m[34mSELECT "posts".* FROM "posts" ORDER BY created_at DESC[0m
  ↳ app/views/posts/index.html.erb:6
  Rendered posts/index.html.erb within layouts/application (0.8ms)
Completed 200 OK in 19ms (Views: 17.8ms | ActiveRecord: 0.1ms)


Started GET "/posts" for ::1 at 2023-04-28 09:59:09 +1000
  [1m[35m (1.1ms)[0m  [1m[34mSELECT "schema_migrations"."version" FROM "schema_migrations" ORDER BY "schema_migrations"."version" ASC[0m
  ↳ /Users/joshuaspicer/.rvm/gems/ruby-2.7.8/gems/activerecord-5.2.8.1/lib/active_record/log_subscriber.rb:98
Processing by PostsController#index as HTML
  Rendering posts/index.html.erb within layouts/application
  [1m[36mPost Load (0.2ms)[0m  [1m[34mSELECT "posts".* FROM "posts" ORDER BY created_at DESC[0m
  ↳ app/views/posts/index.html.erb:6
  Rendered posts/index.html.erb within layouts/application (3.5ms)
Completed 200 OK in 225ms (Views: 213.1ms | ActiveRecord: 0.4ms)


Started GET "/posts" for ::1 at 2023-04-28 09:59:10 +1000
Processing by PostsController#index as HTML
  Rendering posts/index.html.erb within layouts/application
  [1m[36mPost Load (0.1ms)[0m  [1m[34mSELECT "posts".* FROM "posts" ORDER BY created_at DESC[0m
  ↳ app/views/posts/index.html.erb:6
  Rendered posts/index.html.erb within layouts/application (0.9ms)
Completed 200 OK in 20ms (Views: 19.0ms | ActiveRecord: 0.1ms)


Started GET "/posts/new" for ::1 at 2023-04-28 09:59:11 +1000
Processing by PostsController#new as HTML
  Rendering posts/new.html.erb within layouts/application
  Rendered posts/_form.html.erb (23.7ms)
  Rendered posts/new.html.erb within layouts/application (25.2ms)
Completed 200 OK in 63ms (Views: 56.8ms | ActiveRecord: 0.5ms)


Started POST "/posts" for ::1 at 2023-04-28 09:59:20 +1000
Processing by PostsController#create as HTML
  Parameters: {"utf8"=>"✓", "authenticity_token"=>"FKmJ/c0f4ycLThhAfCnedeRbRFfPr0q9SfXOkvKYBeoqmpPD7hZFXrcKG7bissRCDNKwB9k4TwMXhMZhMr3SPg==", "post"=>{"title"=>"4th post", "content"=>"Test"}, "commit"=>"Create Post"}
  [1m[35m (0.0ms)[0m  [1m[36mbegin transaction[0m
  ↳ app/controllers/posts_controller.rb:14
  [1m[36mPost Create (0.4ms)[0m  [1m[32mINSERT INTO "posts" ("title", "content", "created_at", "updated_at") VALUES (?, ?, ?, ?)[0m  [["title", "4th post"], ["content", "Test"], ["created_at", "2023-04-27 23:59:20.838107"], ["updated_at", "2023-04-27 23:59:20.838107"]]
  ↳ app/controllers/posts_controller.rb:14
  [1m[35m (0.5ms)[0m  [1m[36mcommit transaction[0m
  ↳ app/controllers/posts_controller.rb:14
Redirected to http://localhost:3000/posts/5
Completed 302 Found in 3ms (ActiveRecord: 1.0ms)


Started GET "/posts/5" for ::1 at 2023-04-28 09:59:20 +1000
Processing by PostsController#show as HTML
  Parameters: {"id"=>"5"}
  [1m[36mPost Load (0.2ms)[0m  [1m[34mSELECT  "posts".* FROM "posts" WHERE "posts"."id" = ? LIMIT ?[0m  [["id", 5], ["LIMIT", 1]]
  ↳ app/controllers/posts_controller.rb:22
  Rendering posts/show.html.erb within layouts/application
  [1m[35m (0.2ms)[0m  [1m[34mSELECT COUNT(*) FROM "comments" WHERE "comments"."post_id" = ?[0m  [["post_id", 5]]
  ↳ app/views/posts/show.html.erb:34
  [1m[36mComment Load (0.1ms)[0m  [1m[34mSELECT "comments".* FROM "comments" WHERE "comments"."post_id" = ?[0m  [["post_id", 5]]
  ↳ app/views/posts/show.html.erb:35
  Rendered collection of templates [0 times] (0.0ms)
  Rendered comments/_form.html.erb (12.4ms)
  Rendered posts/show.html.erb within layouts/application (21.4ms)
Completed 200 OK in 39ms (Views: 35.8ms | ActiveRecord: 1.1ms)


Started POST "/posts/5/comments" for ::1 at 2023-04-28 09:59:52 +1000
Processing by CommentsController#create as HTML
  Parameters: {"utf8"=>"✓", "authenticity_token"=>"Liz7WlomSrupExnc8S2Q5mg85WkuMXOqAbl4Fa8GJrzezIvAt3jkcdzayTgsrYYKpXmRpdq1AZYRl3PHvddKrA==", "comment"=>{"name"=>"John Doe", "comment"=>"This is a test"}, "commit"=>"Leave a reply", "post_id"=>"5"}
  [1m[36mPost Load (0.1ms)[0m  [1m[34mSELECT  "posts".* FROM "posts" WHERE "posts"."id" = ? LIMIT ?[0m  [["id", 5], ["LIMIT", 1]]
  ↳ app/controllers/comments_controller.rb:4
  [1m[35m (0.0ms)[0m  [1m[36mbegin transaction[0m
  ↳ app/controllers/comments_controller.rb:5
  [1m[36mComment Create (0.4ms)[0m  [1m[32mINSERT INTO "comments" ("name", "comment", "created_at", "updated_at", "post_id") VALUES (?, ?, ?, ?, ?)[0m  [["name", "John Doe"], ["comment", "This is a test"], ["created_at", "2023-04-27 23:59:52.246907"], ["updated_at", "2023-04-27 23:59:52.246907"], ["post_id", 5]]
  ↳ app/controllers/comments_controller.rb:5
  [1m[35m (0.7ms)[0m  [1m[36mcommit transaction[0m
  ↳ app/controllers/comments_controller.rb:5
Redirected to http://localhost:3000/posts/5
Completed 302 Found in 5ms (ActiveRecord: 1.3ms)


Started GET "/posts/5" for ::1 at 2023-04-28 09:59:52 +1000
Processing by PostsController#show as HTML
  Parameters: {"id"=>"5"}
  [1m[36mPost Load (0.2ms)[0m  [1m[34mSELECT  "posts".* FROM "posts" WHERE "posts"."id" = ? LIMIT ?[0m  [["id", 5], ["LIMIT", 1]]
  ↳ app/controllers/posts_controller.rb:22
  Rendering posts/show.html.erb within layouts/application
  [1m[35m (0.1ms)[0m  [1m[34mSELECT COUNT(*) FROM "comments" WHERE "comments"."post_id" = ?[0m  [["post_id", 5]]
  ↳ app/views/posts/show.html.erb:34
  [1m[36mComment Load (0.1ms)[0m  [1m[34mSELECT "comments".* FROM "comments" WHERE "comments"."post_id" = ?[0m  [["post_id", 5]]
  ↳ app/views/posts/show.html.erb:35
  Rendered posts/show.html.erb within layouts/application (17.0ms)
Completed 500 Internal Server Error in 20ms (ActiveRecord: 0.4ms)



ActionView::MissingTemplate - Missing partial comments/_comment with {:locale=>[:en], :formats=>[:html], :variants=>[], :handlers=>[:raw, :erb, :html, :builder, :ruby, :coffee, :jbuilder]}. Searched in:
  * "/Users/joshuaspicer/Project-1/Banking_Blog/app/views":
  app/views/posts/show.html.erb:35:in `_app_views_posts_show_html_erb__2420939421571078491_16340'

Started POST "/__better_errors/d096dd16b0597aa4/variables" for ::1 at 2023-04-28 09:59:52 +1000
Started GET "/posts/5" for ::1 at 2023-04-28 10:04:39 +1000
Processing by PostsController#show as HTML
  Parameters: {"id"=>"5"}
  [1m[36mPost Load (0.1ms)[0m  [1m[34mSELECT  "posts".* FROM "posts" WHERE "posts"."id" = ? LIMIT ?[0m  [["id", 5], ["LIMIT", 1]]
  ↳ app/controllers/posts_controller.rb:22
  Rendering posts/show.html.erb within layouts/application
  [1m[35m (0.1ms)[0m  [1m[34mSELECT COUNT(*) FROM "comments" WHERE "comments"."post_id" = ?[0m  [["post_id", 5]]
  ↳ app/views/posts/show.html.erb:34
  [1m[36mComment Load (0.1ms)[0m  [1m[34mSELECT "comments".* FROM "comments" WHERE "comments"."post_id" = ?[0m  [["post_id", 5]]
  ↳ app/views/posts/show.html.erb:35
  Rendered collection of comments/_comment.html.erb [1 times] (0.5ms)
  Rendered comments/_form.html.erb (2.9ms)
  Rendered posts/show.html.erb within layouts/application (6.9ms)
Completed 200 OK in 24ms (Views: 22.5ms | ActiveRecord: 0.3ms)


Started GET "/posts/5" for ::1 at 2023-04-28 10:06:42 +1000
Processing by PostsController#show as HTML
  Parameters: {"id"=>"5"}
  [1m[36mPost Load (0.1ms)[0m  [1m[34mSELECT  "posts".* FROM "posts" WHERE "posts"."id" = ? LIMIT ?[0m  [["id", 5], ["LIMIT", 1]]
  ↳ app/controllers/posts_controller.rb:22
  Rendering posts/show.html.erb within layouts/application
  [1m[35m (0.1ms)[0m  [1m[34mSELECT COUNT(*) FROM "comments" WHERE "comments"."post_id" = ?[0m  [["post_id", 5]]
  ↳ app/views/posts/show.html.erb:34
  [1m[36mComment Load (0.1ms)[0m  [1m[34mSELECT "comments".* FROM "comments" WHERE "comments"."post_id" = ?[0m  [["post_id", 5]]
  ↳ app/views/posts/show.html.erb:35
  Rendered collection of comments/_comment.html.erb [1 times] (0.8ms)
  Rendered comments/_form.html.erb (3.3ms)
  Rendered posts/show.html.erb within layouts/application (15.2ms)
Completed 200 OK in 43ms (Views: 34.2ms | ActiveRecord: 1.2ms)


Started DELETE "/posts/5/comments/1" for ::1 at 2023-04-28 10:06:46 +1000
Processing by CommentsController#destroy as HTML
  Parameters: {"authenticity_token"=>"2h3IM8BEK0Nio+1jE5/GSJ0s2+rMz9A1PV+R1DGYDQ0q/bipLRqFiRdqPYfOH9CkUGmvJjhLogktcZoGI0lhHQ==", "post_id"=>"5", "id"=>"1"}
  [1m[36mPost Load (0.1ms)[0m  [1m[34mSELECT  "posts".* FROM "posts" WHERE "posts"."id" = ? LIMIT ?[0m  [["id", 5], ["LIMIT", 1]]
  ↳ app/controllers/comments_controller.rb:11
  [1m[36mComment Load (0.1ms)[0m  [1m[34mSELECT  "comments".* FROM "comments" WHERE "comments"."post_id" = ? AND "comments"."id" = ? LIMIT ?[0m  [["post_id", 5], ["id", 1], ["LIMIT", 1]]
  ↳ app/controllers/comments_controller.rb:12
  [1m[35m (0.0ms)[0m  [1m[36mbegin transaction[0m
  ↳ app/controllers/comments_controller.rb:13
  [1m[36mComment Destroy (0.3ms)[0m  [1m[31mDELETE FROM "comments" WHERE "comments"."id" = ?[0m  [["id", 1]]
  ↳ app/controllers/comments_controller.rb:13
  [1m[35m (0.6ms)[0m  [1m[36mcommit transaction[0m
  ↳ app/controllers/comments_controller.rb:13
Redirected to http://localhost:3000/posts/5
Completed 302 Found in 3ms (ActiveRecord: 1.1ms)


Started GET "/posts/5" for ::1 at 2023-04-28 10:06:46 +1000
Processing by PostsController#show as HTML
  Parameters: {"id"=>"5"}
  [1m[36mPost Load (0.1ms)[0m  [1m[34mSELECT  "posts".* FROM "posts" WHERE "posts"."id" = ? LIMIT ?[0m  [["id", 5], ["LIMIT", 1]]
  ↳ app/controllers/posts_controller.rb:22
  Rendering posts/show.html.erb within layouts/application
  [1m[35m (0.1ms)[0m  [1m[34mSELECT COUNT(*) FROM "comments" WHERE "comments"."post_id" = ?[0m  [["post_id", 5]]
  ↳ app/views/posts/show.html.erb:34
  [1m[36mComment Load (0.1ms)[0m  [1m[34mSELECT "comments".* FROM "comments" WHERE "comments"."post_id" = ?[0m  [["post_id", 5]]
  ↳ app/views/posts/show.html.erb:35
  Rendered collection of templates [0 times] (0.0ms)
  Rendered comments/_form.html.erb (3.0ms)
  Rendered posts/show.html.erb within layouts/application (5.1ms)
Completed 200 OK in 21ms (Views: 19.3ms | ActiveRecord: 0.3ms)


Started GET "/" for ::1 at 2023-04-28 10:08:33 +1000
Processing by PostsController#index as HTML
  Rendering posts/index.html.erb within layouts/application
  [1m[36mPost Load (0.2ms)[0m  [1m[34mSELECT "posts".* FROM "posts" ORDER BY created_at DESC[0m
  ↳ app/views/posts/index.html.erb:6
  Rendered posts/index.html.erb within layouts/application (1.3ms)
Completed 200 OK in 18ms (Views: 16.7ms | ActiveRecord: 0.2ms)


Started GET "/" for ::1 at 2023-04-28 10:13:16 +1000
Processing by PostsController#index as HTML
  Rendering posts/index.html.erb within layouts/application
  [1m[36mPost Load (0.2ms)[0m  [1m[34mSELECT "posts".* FROM "posts" ORDER BY created_at DESC[0m
  ↳ app/views/posts/index.html.erb:6
  Rendered posts/index.html.erb within layouts/application (5.5ms)
Completed 200 OK in 27ms (Views: 23.4ms | ActiveRecord: 0.6ms)


Started GET "/" for ::1 at 2023-04-28 10:13:17 +1000
Processing by PostsController#index as HTML
  Rendering posts/index.html.erb within layouts/application
  [1m[36mPost Load (0.1ms)[0m  [1m[34mSELECT "posts".* FROM "posts" ORDER BY created_at DESC[0m
  ↳ app/views/posts/index.html.erb:6
  Rendered posts/index.html.erb within layouts/application (1.0ms)
Completed 200 OK in 17ms (Views: 16.3ms | ActiveRecord: 0.1ms)


Started GET "/posts/5" for ::1 at 2023-04-28 10:13:21 +1000
Processing by PostsController#show as HTML
  Parameters: {"id"=>"5"}
  [1m[36mPost Load (0.2ms)[0m  [1m[34mSELECT  "posts".* FROM "posts" WHERE "posts"."id" = ? LIMIT ?[0m  [["id", 5], ["LIMIT", 1]]
  ↳ app/controllers/posts_controller.rb:23
  Rendering posts/show.html.erb within layouts/application
  [1m[35m (0.1ms)[0m  [1m[34mSELECT COUNT(*) FROM "comments" WHERE "comments"."post_id" = ?[0m  [["post_id", 5]]
  ↳ app/views/posts/show.html.erb:34
  [1m[36mComment Load (0.1ms)[0m  [1m[34mSELECT "comments".* FROM "comments" WHERE "comments"."post_id" = ?[0m  [["post_id", 5]]
  ↳ app/views/posts/show.html.erb:35
  Rendered collection of templates [0 times] (0.0ms)
  Rendered comments/_form.html.erb (8.0ms)
  Rendered posts/show.html.erb within layouts/application (14.3ms)
Completed 200 OK in 32ms (Views: 29.1ms | ActiveRecord: 1.0ms)


Started DELETE "/posts/5" for ::1 at 2023-04-28 10:13:23 +1000
Processing by PostsController#destroy as HTML
  Parameters: {"authenticity_token"=>"+k10eF2T4NCV59Hmf2+HjAu56hQFS/qjni/mF0BdusgKrQTisM1OGuAuAQKi75Fgxvye2PHPiJ+OAe3FUozW2A==", "id"=>"5"}
  [1m[36mPost Load (0.1ms)[0m  [1m[34mSELECT  "posts".* FROM "posts" WHERE "posts"."id" = ? LIMIT ?[0m  [["id", 5], ["LIMIT", 1]]
  ↳ app/controllers/posts_controller.rb:43
  [1m[35m (0.0ms)[0m  [1m[36mbegin transaction[0m
  ↳ app/controllers/posts_controller.rb:44
  [1m[36mPost Destroy (0.3ms)[0m  [1m[31mDELETE FROM "posts" WHERE "posts"."id" = ?[0m  [["id", 5]]
  ↳ app/controllers/posts_controller.rb:44
  [1m[35m (0.9ms)[0m  [1m[36mcommit transaction[0m
  ↳ app/controllers/posts_controller.rb:44
Redirected to http://localhost:3000/posts
Completed 302 Found in 4ms (ActiveRecord: 1.4ms)


Started GET "/posts" for ::1 at 2023-04-28 10:13:23 +1000
Processing by PostsController#index as HTML
  Rendering posts/index.html.erb within layouts/application
  [1m[36mPost Load (0.1ms)[0m  [1m[34mSELECT "posts".* FROM "posts" ORDER BY created_at DESC[0m
  ↳ app/views/posts/index.html.erb:6
  Rendered posts/index.html.erb within layouts/application (0.9ms)
Completed 200 OK in 19ms (Views: 17.9ms | ActiveRecord: 0.1ms)


Started GET "/posts/new" for ::1 at 2023-04-28 10:13:25 +1000
Processing by PostsController#new as HTML
  Rendering posts/new.html.erb within layouts/application
  Rendered posts/_form.html.erb (3.2ms)
  Rendered posts/new.html.erb within layouts/application (4.4ms)
Completed 200 OK in 21ms (Views: 20.0ms | ActiveRecord: 0.0ms)


Started POST "/posts" for ::1 at 2023-04-28 10:14:42 +1000
Processing by PostsController#create as HTML
  Parameters: {"utf8"=>"✓", "authenticity_token"=>"xLF8sZGSRTE/OksYxbqdZaGE+lY1C1UKyOa++X+8yeP6gmaPspvjSIN+SO5bIYdSSQ0OBiOcULSWl7YKv5keNw==", "post"=>{"title"=>"Commonwealth Bank of Australia (CBA)", "content"=>"The Commonwealth Bank of Australia, or CBA, is the largest bank in Australia and has been in operation since 1911. It provides a wide range of financial services, including retail, business, and institutional banking, as well as wealth management and insurance. Its stock code is CBA and it is listed on the Australian Securities Exchange (ASX)."}, "commit"=>"Create Post"}
  [1m[35m (0.0ms)[0m  [1m[36mbegin transaction[0m
  ↳ app/controllers/posts_controller.rb:15
  [1m[36mPost Create (0.4ms)[0m  [1m[32mINSERT INTO "posts" ("title", "content", "created_at", "updated_at") VALUES (?, ?, ?, ?)[0m  [["title", "Commonwealth Bank of Australia (CBA)"], ["content", "The Commonwealth Bank of Australia, or CBA, is the largest bank in Australia and has been in operation since 1911. It provides a wide range of financial services, including retail, business, and institutional banking, as well as wealth management and insurance. Its stock code is CBA and it is listed on the Australian Securities Exchange (ASX)."], ["created_at", "2023-04-28 00:14:42.655290"], ["updated_at", "2023-04-28 00:14:42.655290"]]
  ↳ app/controllers/posts_controller.rb:15
  [1m[35m (0.5ms)[0m  [1m[36mcommit transaction[0m
  ↳ app/controllers/posts_controller.rb:15
Redirected to http://localhost:3000/posts/6
Completed 302 Found in 3ms (ActiveRecord: 0.9ms)


Started GET "/posts/6" for ::1 at 2023-04-28 10:14:42 +1000
Processing by PostsController#show as HTML
  Parameters: {"id"=>"6"}
  [1m[36mPost Load (0.1ms)[0m  [1m[34mSELECT  "posts".* FROM "posts" WHERE "posts"."id" = ? LIMIT ?[0m  [["id", 6], ["LIMIT", 1]]
  ↳ app/controllers/posts_controller.rb:23
  Rendering posts/show.html.erb within layouts/application
  [1m[35m (0.1ms)[0m  [1m[34mSELECT COUNT(*) FROM "comments" WHERE "comments"."post_id" = ?[0m  [["post_id", 6]]
  ↳ app/views/posts/show.html.erb:34
  [1m[36mComment Load (0.1ms)[0m  [1m[34mSELECT "comments".* FROM "comments" WHERE "comments"."post_id" = ?[0m  [["post_id", 6]]
  ↳ app/views/posts/show.html.erb:35
  Rendered collection of templates [0 times] (0.0ms)
  Rendered comments/_form.html.erb (2.9ms)
  Rendered posts/show.html.erb within layouts/application (5.2ms)
Completed 200 OK in 24ms (Views: 22.9ms | ActiveRecord: 0.3ms)


Started GET "/" for ::1 at 2023-04-28 10:14:44 +1000
Processing by PostsController#index as HTML
  Rendering posts/index.html.erb within layouts/application
  [1m[36mPost Load (0.1ms)[0m  [1m[34mSELECT "posts".* FROM "posts" ORDER BY created_at DESC[0m
  ↳ app/views/posts/index.html.erb:6
  Rendered posts/index.html.erb within layouts/application (1.1ms)
Completed 200 OK in 23ms (Views: 21.8ms | ActiveRecord: 0.1ms)


Started GET "/posts/new" for ::1 at 2023-04-28 10:14:46 +1000
Processing by PostsController#new as HTML
  Rendering posts/new.html.erb within layouts/application
  Rendered posts/_form.html.erb (3.2ms)
  Rendered posts/new.html.erb within layouts/application (4.1ms)
Completed 200 OK in 23ms (Views: 21.5ms | ActiveRecord: 0.0ms)


Started POST "/posts" for ::1 at 2023-04-28 10:15:08 +1000
Processing by PostsController#create as HTML
  Parameters: {"utf8"=>"✓", "authenticity_token"=>"1R9rlMPmyGQgxq6H/5N/3+t5mYpGRZok7jc/o57Th6jrLHGq4O9uHZyCrXFhCGXoA/Bt2lDSn5qwRjdQXvZQfA==", "post"=>{"title"=>"Westpac Banking Corporation (WBC)", "content"=>"Westpac Banking Corporation, or WBC, is the second-largest bank in Australia and was founded in 1817. It offers banking and financial services to individuals, businesses, and institutions. Its stock code is WBC and it is also listed on the ASX."}, "commit"=>"Create Post"}
  [1m[35m (0.0ms)[0m  [1m[36mbegin transaction[0m
  ↳ app/controllers/posts_controller.rb:15
  [1m[36mPost Create (0.4ms)[0m  [1m[32mINSERT INTO "posts" ("title", "content", "created_at", "updated_at") VALUES (?, ?, ?, ?)[0m  [["title", "Westpac Banking Corporation (WBC)"], ["content", "Westpac Banking Corporation, or WBC, is the second-largest bank in Australia and was founded in 1817. It offers banking and financial services to individuals, businesses, and institutions. Its stock code is WBC and it is also listed on the ASX."], ["created_at", "2023-04-28 00:15:08.558745"], ["updated_at", "2023-04-28 00:15:08.558745"]]
  ↳ app/controllers/posts_controller.rb:15
  [1m[35m (0.7ms)[0m  [1m[36mcommit transaction[0m
  ↳ app/controllers/posts_controller.rb:15
Redirected to http://localhost:3000/posts/7
Completed 302 Found in 3ms (ActiveRecord: 1.2ms)


Started GET "/posts/7" for ::1 at 2023-04-28 10:15:08 +1000
Processing by PostsController#show as HTML
  Parameters: {"id"=>"7"}
  [1m[36mPost Load (0.1ms)[0m  [1m[34mSELECT  "posts".* FROM "posts" WHERE "posts"."id" = ? LIMIT ?[0m  [["id", 7], ["LIMIT", 1]]
  ↳ app/controllers/posts_controller.rb:23
  Rendering posts/show.html.erb within layouts/application
  [1m[35m (0.1ms)[0m  [1m[34mSELECT COUNT(*) FROM "comments" WHERE "comments"."post_id" = ?[0m  [["post_id", 7]]
  ↳ app/views/posts/show.html.erb:34
  [1m[36mComment Load (0.1ms)[0m  [1m[34mSELECT "comments".* FROM "comments" WHERE "comments"."post_id" = ?[0m  [["post_id", 7]]
  ↳ app/views/posts/show.html.erb:35
  Rendered collection of templates [0 times] (0.0ms)
  Rendered comments/_form.html.erb (3.1ms)
  Rendered posts/show.html.erb within layouts/application (5.5ms)
Completed 200 OK in 23ms (Views: 21.7ms | ActiveRecord: 0.3ms)


Started GET "/" for ::1 at 2023-04-28 10:15:10 +1000
Processing by PostsController#index as HTML
  Rendering posts/index.html.erb within layouts/application
  [1m[36mPost Load (0.2ms)[0m  [1m[34mSELECT "posts".* FROM "posts" ORDER BY created_at DESC[0m
  ↳ app/views/posts/index.html.erb:6
  Rendered posts/index.html.erb within layouts/application (1.4ms)
Completed 200 OK in 17ms (Views: 15.8ms | ActiveRecord: 0.2ms)


Started GET "/posts/new" for ::1 at 2023-04-28 10:15:12 +1000
Processing by PostsController#new as HTML
  Rendering posts/new.html.erb within layouts/application
  Rendered posts/_form.html.erb (3.2ms)
  Rendered posts/new.html.erb within layouts/application (4.1ms)
Completed 200 OK in 22ms (Views: 21.3ms | ActiveRecord: 0.0ms)


Started POST "/posts" for ::1 at 2023-04-28 10:15:28 +1000
Processing by PostsController#create as HTML
  Parameters: {"utf8"=>"✓", "authenticity_token"=>"n8JWnWBkXUki9qlu5xfF7pGP2Djmk/Y7WOigTSGY4W+h8UyjQ237MJ6yqph5jN/ZeQYsaPAE84UGmai+4b02uw==", "post"=>{"title"=>"Australia and New Zealand Banking Group (ANZ)", "content"=>"The Australia and New Zealand Banking Group, or ANZ, is the third-largest bank in Australia and was founded in 1835. It offers banking and financial services to individuals, businesses, and institutions, with a focus on the Asia-Pacific region. Its stock code is ANZ and it is listed on the ASX.\r\n"}, "commit"=>"Create Post"}
  [1m[35m (0.0ms)[0m  [1m[36mbegin transaction[0m
  ↳ app/controllers/posts_controller.rb:15
  [1m[36mPost Create (0.3ms)[0m  [1m[32mINSERT INTO "posts" ("title", "content", "created_at", "updated_at") VALUES (?, ?, ?, ?)[0m  [["title", "Australia and New Zealand Banking Group (ANZ)"], ["content", "The Australia and New Zealand Banking Group, or ANZ, is the third-largest bank in Australia and was founded in 1835. It offers banking and financial services to individuals, businesses, and institutions, with a focus on the Asia-Pacific region. Its stock code is ANZ and it is listed on the ASX.\r\n"], ["created_at", "2023-04-28 00:15:28.133861"], ["updated_at", "2023-04-28 00:15:28.133861"]]
  ↳ app/controllers/posts_controller.rb:15
  [1m[35m (0.6ms)[0m  [1m[36mcommit transaction[0m
  ↳ app/controllers/posts_controller.rb:15
Redirected to http://localhost:3000/posts/8
Completed 302 Found in 3ms (ActiveRecord: 0.9ms)


Started GET "/posts/8" for ::1 at 2023-04-28 10:15:28 +1000
Processing by PostsController#show as HTML
  Parameters: {"id"=>"8"}
  [1m[36mPost Load (0.1ms)[0m  [1m[34mSELECT  "posts".* FROM "posts" WHERE "posts"."id" = ? LIMIT ?[0m  [["id", 8], ["LIMIT", 1]]
  ↳ app/controllers/posts_controller.rb:23
  Rendering posts/show.html.erb within layouts/application
  [1m[35m (0.1ms)[0m  [1m[34mSELECT COUNT(*) FROM "comments" WHERE "comments"."post_id" = ?[0m  [["post_id", 8]]
  ↳ app/views/posts/show.html.erb:34
  [1m[36mComment Load (0.1ms)[0m  [1m[34mSELECT "comments".* FROM "comments" WHERE "comments"."post_id" = ?[0m  [["post_id", 8]]
  ↳ app/views/posts/show.html.erb:35
  Rendered collection of templates [0 times] (0.0ms)
  Rendered comments/_form.html.erb (3.0ms)
  Rendered posts/show.html.erb within layouts/application (5.0ms)
Completed 200 OK in 21ms (Views: 19.2ms | ActiveRecord: 0.3ms)


Started GET "/" for ::1 at 2023-04-28 10:15:30 +1000
Processing by PostsController#index as HTML
  Rendering posts/index.html.erb within layouts/application
  [1m[36mPost Load (0.2ms)[0m  [1m[34mSELECT "posts".* FROM "posts" ORDER BY created_at DESC[0m
  ↳ app/views/posts/index.html.erb:6
  Rendered posts/index.html.erb within layouts/application (1.2ms)
Completed 200 OK in 20ms (Views: 18.9ms | ActiveRecord: 0.2ms)


Started GET "/posts/new" for ::1 at 2023-04-28 10:15:32 +1000
Processing by PostsController#new as HTML
  Rendering posts/new.html.erb within layouts/application
  Rendered posts/_form.html.erb (3.6ms)
  Rendered posts/new.html.erb within layouts/application (6.2ms)
Completed 200 OK in 24ms (Views: 22.6ms | ActiveRecord: 0.0ms)


Started POST "/posts" for ::1 at 2023-04-28 10:15:50 +1000
Processing by PostsController#create as HTML
  Parameters: {"utf8"=>"✓", "authenticity_token"=>"c70dtpKfUbehTR8YUSmL165Wxpj+vocVK4nF7zdqvhxNjgeIsZb3zh0JHO7PspHgRt8yyOgpgqt1+M0c909pyA==", "post"=>{"title"=>"National Australia Bank (NAB)", "content"=>"The National Australia Bank, or NAB, is the fourth-largest bank in Australia and was founded in 1893. It offers banking and financial services to individuals, businesses, and institutions, with a focus on Australia and New Zealand. Its stock code is NAB and it is also listed on the ASX.\r\n"}, "commit"=>"Create Post"}
  [1m[35m (0.0ms)[0m  [1m[36mbegin transaction[0m
  ↳ app/controllers/posts_controller.rb:15
  [1m[36mPost Create (0.3ms)[0m  [1m[32mINSERT INTO "posts" ("title", "content", "created_at", "updated_at") VALUES (?, ?, ?, ?)[0m  [["title", "National Australia Bank (NAB)"], ["content", "The National Australia Bank, or NAB, is the fourth-largest bank in Australia and was founded in 1893. It offers banking and financial services to individuals, businesses, and institutions, with a focus on Australia and New Zealand. Its stock code is NAB and it is also listed on the ASX.\r\n"], ["created_at", "2023-04-28 00:15:50.289400"], ["updated_at", "2023-04-28 00:15:50.289400"]]
  ↳ app/controllers/posts_controller.rb:15
  [1m[35m (0.8ms)[0m  [1m[36mcommit transaction[0m
  ↳ app/controllers/posts_controller.rb:15
Redirected to http://localhost:3000/posts/9
Completed 302 Found in 3ms (ActiveRecord: 1.2ms)


Started GET "/posts/9" for ::1 at 2023-04-28 10:15:50 +1000
Processing by PostsController#show as HTML
  Parameters: {"id"=>"9"}
  [1m[36mPost Load (0.1ms)[0m  [1m[34mSELECT  "posts".* FROM "posts" WHERE "posts"."id" = ? LIMIT ?[0m  [["id", 9], ["LIMIT", 1]]
  ↳ app/controllers/posts_controller.rb:23
  Rendering posts/show.html.erb within layouts/application
  [1m[35m (0.1ms)[0m  [1m[34mSELECT COUNT(*) FROM "comments" WHERE "comments"."post_id" = ?[0m  [["post_id", 9]]
  ↳ app/views/posts/show.html.erb:34
  [1m[36mComment Load (0.1ms)[0m  [1m[34mSELECT "comments".* FROM "comments" WHERE "comments"."post_id" = ?[0m  [["post_id", 9]]
  ↳ app/views/posts/show.html.erb:35
  Rendered collection of templates [0 times] (0.0ms)
  Rendered comments/_form.html.erb (3.4ms)
  Rendered posts/show.html.erb within layouts/application (6.0ms)
Completed 200 OK in 24ms (Views: 22.2ms | ActiveRecord: 0.3ms)


Started GET "/" for ::1 at 2023-04-28 10:15:54 +1000
Processing by PostsController#index as HTML
  Rendering posts/index.html.erb within layouts/application
  [1m[36mPost Load (0.2ms)[0m  [1m[34mSELECT "posts".* FROM "posts" ORDER BY created_at DESC[0m
  ↳ app/views/posts/index.html.erb:6
  Rendered posts/index.html.erb within layouts/application (1.3ms)
Completed 200 OK in 18ms (Views: 17.0ms | ActiveRecord: 0.2ms)


Started GET "/posts/9" for ::1 at 2023-04-28 10:34:09 +1000
Processing by PostsController#show as HTML
  Parameters: {"id"=>"9"}
  [1m[36mPost Load (0.4ms)[0m  [1m[34mSELECT  "posts".* FROM "posts" WHERE "posts"."id" = ? LIMIT ?[0m  [["id", 9], ["LIMIT", 1]]
  ↳ app/controllers/posts_controller.rb:23
  Rendering posts/show.html.erb within layouts/application
  [1m[35m (0.5ms)[0m  [1m[34mSELECT COUNT(*) FROM "comments" WHERE "comments"."post_id" = ?[0m  [["post_id", 9]]
  ↳ app/views/posts/show.html.erb:34
  [1m[36mComment Load (0.2ms)[0m  [1m[34mSELECT "comments".* FROM "comments" WHERE "comments"."post_id" = ?[0m  [["post_id", 9]]
  ↳ app/views/posts/show.html.erb:35
  Rendered collection of templates [0 times] (0.0ms)
  Rendered comments/_form.html.erb (7.2ms)
  Rendered posts/show.html.erb within layouts/application (13.9ms)
Completed 200 OK in 49ms (Views: 39.8ms | ActiveRecord: 2.0ms)


